<?xml version="1.0" encoding="UTF-8"?>
<!-- Generated by org.testng.reporters.JUnitXMLReporter -->
<testsuite ignored="0" hostname="Sonaji" failures="0" tests="3" name="Default test" time="38.276" errors="0" timestamp="2024-07-11T19:34:12 IST">
  <testcase classname="Test.com.HomeTest" name="verifyFormFieldDropdown" time="2.541"/>
  <testcase classname="Test.com.HomeTest" name="getDataInExcelAndComapreSheetData" time="9.825"/>
  <testcase classname="Test.com.HomeTest" name="selectFutureDateFromCalender" time="3.075"/>
</testsuite> <!-- Default test -->
