<?xml version="1.0" encoding="UTF-8"?>
<!-- Generated by org.testng.reporters.JUnitXMLReporter -->
<testsuite ignored="0" hostname="Sonaji" failures="0" tests="5" name="Default test" time="81.643" errors="0" timestamp="2024-04-05T02:24:12 IST">
  <testcase classname="com.test.TC_1" name="testProductSearch" time="3.987"/>
  <testcase classname="com.test.TC_1" name="filteringTheSearchResults" time="18.41"/>
  <testcase classname="com.test.TC_1" name="addingProductToTheShoppingCart" time="26.95"/>
  <testcase classname="com.test.TC_1" name="proceedingToCheckout" time="7.328"/>
  <testcase classname="com.test.TC_1" name="fillingOutTheCheckoutForm" time="10.808"/>
</testsuite> <!-- Default test -->
