<?xml version="1.0" encoding="UTF-8"?>
<!-- Generated by org.testng.reporters.JUnitXMLReporter -->
<testsuite ignored="0" hostname="Sonaji" failures="0" tests="3" name="Test" time="43.168" errors="0" timestamp="2024-07-11T19:49:50 IST">
  <testcase classname="Test.com.HomeTest" name="verifyFormFieldDropdown" time="2.708"/>
  <testcase classname="Test.com.HomeTest" name="getDataInExcelAndComapreSheetData" time="12.367"/>
  <testcase classname="Test.com.HomeTest" name="selectFutureDateFromCalender" time="3.153"/>
</testsuite> <!-- Test -->
